<?xml version="1.0" encoding="UTF-8"?>
<testng-results ignored="0" total="2" passed="2" failed="0" skipped="0">
  <reporter-output>
  </reporter-output>
  <suite started-at="2023-09-15T17:09:38 IST" name="Default suite" finished-at="2023-09-15T17:09:38 IST" duration-ms="36">
    <groups>
    </groups>
    <test started-at="2023-09-15T17:09:38 IST" name="Default test" finished-at="2023-09-15T17:09:38 IST" duration-ms="36">
      <class name="TestNG.Annotation_Test">
        <test-method is-config="true" signature="configBS()[pri:0, instance:TestNG.Annotation_Test@12468a38]" started-at="2023-09-15T17:09:38 IST" name="configBS" finished-at="2023-09-15T17:09:38 IST" duration-ms="5" status="PASS">
          <reporter-output>
          </reporter-output>
        </test-method> <!-- configBS -->
        <test-method is-config="true" signature="configBC()[pri:0, instance:TestNG.Annotation_Test@12468a38]" started-at="2023-09-15T17:09:38 IST" name="configBC" finished-at="2023-09-15T17:09:38 IST" duration-ms="0" status="PASS">
          <reporter-output>
          </reporter-output>
        </test-method> <!-- configBC -->
        <test-method is-config="true" signature="configBM()[pri:0, instance:TestNG.Annotation_Test@12468a38]" started-at="2023-09-15T17:09:38 IST" name="configBM" finished-at="2023-09-15T17:09:38 IST" duration-ms="0" status="PASS">
          <reporter-output>
          </reporter-output>
        </test-method> <!-- configBM -->
        <test-method signature="actual()[pri:0, instance:TestNG.Annotation_Test@12468a38]" started-at="2023-09-15T17:09:38 IST" name="actual" finished-at="2023-09-15T17:09:38 IST" duration-ms="4" status="PASS">
          <reporter-output>
          </reporter-output>
        </test-method> <!-- actual -->
        <test-method is-config="true" signature="configAM()[pri:0, instance:TestNG.Annotation_Test@12468a38]" started-at="2023-09-15T17:09:38 IST" name="configAM" finished-at="2023-09-15T17:09:38 IST" duration-ms="0" status="PASS">
          <reporter-output>
          </reporter-output>
        </test-method> <!-- configAM -->
        <test-method signature="executeTest()[pri:0, instance:TestNG.Annotation_Test@12468a38]" started-at="2023-09-15T17:09:38 IST" name="executeTest" finished-at="2023-09-15T17:09:38 IST" duration-ms="1" status="PASS">
          <reporter-output>
          </reporter-output>
        </test-method> <!-- executeTest -->
        <test-method is-config="true" signature="configBM()[pri:0, instance:TestNG.Annotation_Test@12468a38]" started-at="2023-09-15T17:09:38 IST" name="configBM" finished-at="2023-09-15T17:09:38 IST" duration-ms="0" status="PASS">
          <reporter-output>
          </reporter-output>
        </test-method> <!-- configBM -->
        <test-method is-config="true" signature="configAM()[pri:0, instance:TestNG.Annotation_Test@12468a38]" started-at="2023-09-15T17:09:38 IST" name="configAM" finished-at="2023-09-15T17:09:38 IST" duration-ms="0" status="PASS">
          <reporter-output>
          </reporter-output>
        </test-method> <!-- configAM -->
        <test-method is-config="true" signature="configAC()[pri:0, instance:TestNG.Annotation_Test@12468a38]" started-at="2023-09-15T17:09:38 IST" name="configAC" finished-at="2023-09-15T17:09:38 IST" duration-ms="0" status="PASS">
          <reporter-output>
          </reporter-output>
        </test-method> <!-- configAC -->
        <test-method is-config="true" signature="configAS()[pri:0, instance:TestNG.Annotation_Test@12468a38]" started-at="2023-09-15T17:09:38 IST" name="configAS" finished-at="2023-09-15T17:09:38 IST" duration-ms="1" status="PASS">
          <reporter-output>
          </reporter-output>
        </test-method> <!-- configAS -->
      </class> <!-- TestNG.Annotation_Test -->
    </test> <!-- Default test -->
  </suite> <!-- Default suite -->
</testng-results>
